<?xml version="1.0" encoding="UTF-8" standalone="no"?>
<testsuite failures="0" name="cucumber.runtime.formatter.JUnitFormatter" skipped="0" tests="3" time="44.404944">
<testcase classname="Application functionality test" name="User can select any language to learn on register" time="13.452402">
<system-out><![CDATA[Given User is in application homepage.......................................passed
Then User Clicks on Register button.........................................passed
Then Verify user selects language to learn from different language options..passed
Then Verify register language page is opened with different learning options.passed
Then Navigate back and verify language selection page is displayed and navigate back to homepage.passed
]]></system-out>
</testcase>
<testcase classname="Application functionality test" name="User can change display language" time="15.957497">
<system-out><![CDATA[Given User is in application page...........................................passed
Then Select display language as Italiano and verify selected language page https://it.babbel.com/?locale=it is changed.passed
Then Go back to home page and verify https://uk.babbel.com/ is displayed....passed
Then User selects German and click on get started...........................passed
Then User verify the language Why are you learning German? and all learning options.passed
Then User navigate back to the home page....................................passed
]]></system-out>
</testcase>
<testcase classname="Application functionality test" name="User can change display language 2" time="14.995045">
<system-out><![CDATA[Given User is in application page...........................................passed
Then Select display language as Deutsch and verify selected language page https://de.babbel.com/?locale=de is changed.passed
Then Go back to home page and verify https://uk.babbel.com/ is displayed....passed
Then User selects Italian and click on get started..........................passed
Then User verify the language Why are you learning Italian? and all learning options.passed
Then User navigate back to the home page....................................passed
]]></system-out>
</testcase>
</testsuite>
